<?xml version="1.0" encoding="UTF-8"?>
<!-- Generated by org.testng.reporters.JUnitReportReporter -->
<testsuite hostname="TYSS-Nayana-H" failures="0" tests="1" name="extentReports.DemoTest" time="0.406" errors="0" timestamp="2023-11-22T10:47:35 IST" skipped="0">
  <testcase classname="extentReports.DemoTest" name="demo" time="0.406"/>
  <system-out/>
</testsuite> <!-- extentReports.DemoTest -->
