<?xml version="1.0" encoding="UTF-8"?>
<!-- Generated by org.testng.reporters.JUnitReportReporter -->
<testsuite hostname="TYSS-Nayana-H" failures="0" tests="1" name="module1.WiproTest" time="0.020" errors="0" timestamp="2023-11-21T12:36:55 IST" skipped="0">
  <testcase classname="module1.WiproTest" name="wiproTest" time="0.020"/>
  <system-out>
    <![CDATA[wipro company]]>
  </system-out>
</testsuite> <!-- module1.WiproTest -->
