<?xml version="1.0" encoding="UTF-8"?>
<!-- Generated by org.testng.reporters.JUnitReportReporter -->
<testsuite hostname="TYSS-Nayana-H" failures="0" tests="1" name="extentReports.ExtendReportWithScreenshot" time="5.486" errors="0" timestamp="2023-11-22T11:17:03 IST" skipped="0">
  <testcase classname="extentReports.ExtendReportWithScreenshot" name="screenshot" time="5.486"/>
  <system-out/>
</testsuite> <!-- extentReports.ExtendReportWithScreenshot -->
