<?xml version="1.0" encoding="UTF-8"?>
<!-- Generated by org.testng.reporters.JUnitReportReporter -->
<testsuite hostname="TYSS-Nayana-H" failures="0" tests="1" name="extentReports.MavenParameterTest" time="9.298" errors="0" timestamp="2023-11-22T18:53:49 IST" skipped="0">
  <testcase classname="extentReports.MavenParameterTest" name="receiveData" time="9.298"/>
  <system-out>
    <![CDATA[maven parameter executed
https://demowebshop.tricentis.com/]]>
  </system-out>
</testsuite> <!-- extentReports.MavenParameterTest -->
