<?xml version="1.0" encoding="UTF-8"?>
<!-- Generated by org.testng.reporters.JUnitReportReporter -->
<testsuite hostname="TYSS-Nayana-H" failures="0" tests="1" name="gitHub.CreateRepo" time="2.822" errors="0" timestamp="2024-01-29T12:18:23 IST" skipped="0">
  <testcase classname="gitHub.CreateRepo" name="createRepo" time="2.822"/>
</testsuite> <!-- gitHub.CreateRepo -->
