<?xml version="1.0" encoding="UTF-8"?>
<!-- Generated by org.testng.reporters.JUnitReportReporter -->
<testsuite hostname="TYSS-Nayana-H" failures="0" tests="1" name="reqres.Users" time="2.115" errors="0" timestamp="2024-01-29T10:44:37 IST" skipped="0">
  <testcase classname="reqres.Users" name="ListUsers" time="2.115"/>
</testsuite> <!-- reqres.Users -->
