<?xml version="1.0" encoding="UTF-8"?>
<!-- Generated by org.testng.reporters.JUnitReportReporter -->
<testsuite hostname="TYSS-Nayana-H" failures="0" tests="1" name="reqres.GetUsers" time="1.475" errors="0" timestamp="2024-01-29T11:18:09 IST" skipped="0">
  <testcase classname="reqres.GetUsers" name="ListUsers" time="1.475"/>
</testsuite> <!-- reqres.GetUsers -->
